running egg_info
creating ../build/proj3/proj3.egg-info
writing ../build/proj3/proj3.egg-info/PKG-INFO
writing dependency_links to ../build/proj3/proj3.egg-info/dependency_links.txt
writing entry points to ../build/proj3/proj3.egg-info/entry_points.txt
writing requirements to ../build/proj3/proj3.egg-info/requires.txt
writing top-level names to ../build/proj3/proj3.egg-info/top_level.txt
writing manifest file '../build/proj3/proj3.egg-info/SOURCES.txt'
reading manifest file '../build/proj3/proj3.egg-info/SOURCES.txt'
writing manifest file '../build/proj3/proj3.egg-info/SOURCES.txt'
running build
running build_py
creating /home/paurush/CSCE752/CSCE752_Project3/build/proj3/build
creating /home/paurush/CSCE752/CSCE752_Project3/build/proj3/build/lib
creating /home/paurush/CSCE752/CSCE752_Project3/build/proj3/build/lib/proj3
copying proj3/__init__.py -> /home/paurush/CSCE752/CSCE752_Project3/build/proj3/build/lib/proj3
copying proj3/tracker_node.py -> /home/paurush/CSCE752/CSCE752_Project3/build/proj3/build/lib/proj3
copying proj3/detector_node.py -> /home/paurush/CSCE752/CSCE752_Project3/build/proj3/build/lib/proj3
running install
running install_lib
creating /home/paurush/CSCE752/CSCE752_Project3/install/proj3/lib/python3.12/site-packages/proj3
copying /home/paurush/CSCE752/CSCE752_Project3/build/proj3/build/lib/proj3/__init__.py -> /home/paurush/CSCE752/CSCE752_Project3/install/proj3/lib/python3.12/site-packages/proj3
copying /home/paurush/CSCE752/CSCE752_Project3/build/proj3/build/lib/proj3/tracker_node.py -> /home/paurush/CSCE752/CSCE752_Project3/install/proj3/lib/python3.12/site-packages/proj3
copying /home/paurush/CSCE752/CSCE752_Project3/build/proj3/build/lib/proj3/detector_node.py -> /home/paurush/CSCE752/CSCE752_Project3/install/proj3/lib/python3.12/site-packages/proj3
byte-compiling /home/paurush/CSCE752/CSCE752_Project3/install/proj3/lib/python3.12/site-packages/proj3/__init__.py to __init__.cpython-312.pyc
byte-compiling /home/paurush/CSCE752/CSCE752_Project3/install/proj3/lib/python3.12/site-packages/proj3/tracker_node.py to tracker_node.cpython-312.pyc
byte-compiling /home/paurush/CSCE752/CSCE752_Project3/install/proj3/lib/python3.12/site-packages/proj3/detector_node.py to detector_node.cpython-312.pyc
running install_data
creating /home/paurush/CSCE752/CSCE752_Project3/install/proj3/share
creating /home/paurush/CSCE752/CSCE752_Project3/install/proj3/share/ament_index
creating /home/paurush/CSCE752/CSCE752_Project3/install/proj3/share/ament_index/resource_index
creating /home/paurush/CSCE752/CSCE752_Project3/install/proj3/share/ament_index/resource_index/packages
error: can't copy 'resource/proj3': doesn't exist or not a regular file
