[1.131s] Invoking command in '/home/paurush/CSCE752/CSCE752_Project3/src': DEBUGINFOD_URLS=https://debuginfod.ubuntu.com PYTHONPATH=/home/paurush/CSCE752/CSCE752_Project3/build/proj3/prefix_override:/usr/lib/python3/dist-packages/colcon_core/task/python/colcon_distutils_commands:/home/paurush/CSCE752/CSCE752_Project3/install/proj3/lib/python3.12/site-packages:${PYTHONPATH} /usr/bin/python3 -W ignore:setup.py install is deprecated -W ignore:easy_install command is deprecated setup.py egg_info --egg-base ../build/proj3 build --build-base /home/paurush/CSCE752/CSCE752_Project3/build/proj3/build install --record /home/paurush/CSCE752/CSCE752_Project3/build/proj3/install.log --single-version-externally-managed install_data
[1.510s] running egg_info
[1.511s] creating ../build/proj3/proj3.egg-info
[1.530s] writing ../build/proj3/proj3.egg-info/PKG-INFO
[1.531s] writing dependency_links to ../build/proj3/proj3.egg-info/dependency_links.txt
[1.531s] writing entry points to ../build/proj3/proj3.egg-info/entry_points.txt
[1.531s] writing requirements to ../build/proj3/proj3.egg-info/requires.txt
[1.531s] writing top-level names to ../build/proj3/proj3.egg-info/top_level.txt
[1.531s] writing manifest file '../build/proj3/proj3.egg-info/SOURCES.txt'
[1.572s] reading manifest file '../build/proj3/proj3.egg-info/SOURCES.txt'
[1.573s] writing manifest file '../build/proj3/proj3.egg-info/SOURCES.txt'
[1.573s] running build
[1.573s] running build_py
[1.573s] creating /home/paurush/CSCE752/CSCE752_Project3/build/proj3/build
[1.573s] creating /home/paurush/CSCE752/CSCE752_Project3/build/proj3/build/lib
[1.573s] creating /home/paurush/CSCE752/CSCE752_Project3/build/proj3/build/lib/proj3
[1.573s] copying proj3/__init__.py -> /home/paurush/CSCE752/CSCE752_Project3/build/proj3/build/lib/proj3
[1.574s] copying proj3/tracker_node.py -> /home/paurush/CSCE752/CSCE752_Project3/build/proj3/build/lib/proj3
[1.574s] copying proj3/detector_node.py -> /home/paurush/CSCE752/CSCE752_Project3/build/proj3/build/lib/proj3
[1.574s] running install
[1.579s] running install_lib
[1.599s] creating /home/paurush/CSCE752/CSCE752_Project3/install/proj3/lib/python3.12/site-packages/proj3
[1.599s] copying /home/paurush/CSCE752/CSCE752_Project3/build/proj3/build/lib/proj3/__init__.py -> /home/paurush/CSCE752/CSCE752_Project3/install/proj3/lib/python3.12/site-packages/proj3
[1.599s] copying /home/paurush/CSCE752/CSCE752_Project3/build/proj3/build/lib/proj3/tracker_node.py -> /home/paurush/CSCE752/CSCE752_Project3/install/proj3/lib/python3.12/site-packages/proj3
[1.599s] copying /home/paurush/CSCE752/CSCE752_Project3/build/proj3/build/lib/proj3/detector_node.py -> /home/paurush/CSCE752/CSCE752_Project3/install/proj3/lib/python3.12/site-packages/proj3
[1.600s] byte-compiling /home/paurush/CSCE752/CSCE752_Project3/install/proj3/lib/python3.12/site-packages/proj3/__init__.py to __init__.cpython-312.pyc
[1.600s] byte-compiling /home/paurush/CSCE752/CSCE752_Project3/install/proj3/lib/python3.12/site-packages/proj3/tracker_node.py to tracker_node.cpython-312.pyc
[1.601s] byte-compiling /home/paurush/CSCE752/CSCE752_Project3/install/proj3/lib/python3.12/site-packages/proj3/detector_node.py to detector_node.cpython-312.pyc
[1.602s] running install_data
[1.602s] creating /home/paurush/CSCE752/CSCE752_Project3/install/proj3/share
[1.602s] creating /home/paurush/CSCE752/CSCE752_Project3/install/proj3/share/ament_index
[1.602s] creating /home/paurush/CSCE752/CSCE752_Project3/install/proj3/share/ament_index/resource_index
[1.602s] creating /home/paurush/CSCE752/CSCE752_Project3/install/proj3/share/ament_index/resource_index/packages
[1.603s] error: can't copy 'resource/proj3': doesn't exist or not a regular file
[1.618s] Invoked command in '/home/paurush/CSCE752/CSCE752_Project3/src' returned '1': DEBUGINFOD_URLS=https://debuginfod.ubuntu.com PYTHONPATH=/home/paurush/CSCE752/CSCE752_Project3/build/proj3/prefix_override:/usr/lib/python3/dist-packages/colcon_core/task/python/colcon_distutils_commands:/home/paurush/CSCE752/CSCE752_Project3/install/proj3/lib/python3.12/site-packages:${PYTHONPATH} /usr/bin/python3 -W ignore:setup.py install is deprecated -W ignore:easy_install command is deprecated setup.py egg_info --egg-base ../build/proj3 build --build-base /home/paurush/CSCE752/CSCE752_Project3/build/proj3/build install --record /home/paurush/CSCE752/CSCE752_Project3/build/proj3/install.log --single-version-externally-managed install_data
