running egg_info
writing build/proj3/proj3.egg-info/PKG-INFO
writing dependency_links to build/proj3/proj3.egg-info/dependency_links.txt
writing entry points to build/proj3/proj3.egg-info/entry_points.txt
writing requirements to build/proj3/proj3.egg-info/requires.txt
writing top-level names to build/proj3/proj3.egg-info/top_level.txt
reading manifest file 'build/proj3/proj3.egg-info/SOURCES.txt'
writing manifest file 'build/proj3/proj3.egg-info/SOURCES.txt'
running build
running build_py
running install
running install_lib
running install_data
copying launch/project3.launch.py -> /home/paurush/CSCE752/CSCE752_Project3/src/install/proj3/share/proj3/launch
running install_egg_info
removing '/home/paurush/CSCE752/CSCE752_Project3/src/install/proj3/lib/python3.12/site-packages/proj3-0.0.0-py3.12.egg-info' (and everything under it)
Copying build/proj3/proj3.egg-info to /home/paurush/CSCE752/CSCE752_Project3/src/install/proj3/lib/python3.12/site-packages/proj3-0.0.0-py3.12.egg-info
running install_scripts
Installing detector_node script to /home/paurush/CSCE752/CSCE752_Project3/src/install/proj3/lib/proj3
Installing tracker_node script to /home/paurush/CSCE752/CSCE752_Project3/src/install/proj3/lib/proj3
writing list of installed files to '/home/paurush/CSCE752/CSCE752_Project3/src/build/proj3/install.log'
