[2.036s] Invoking command in '/home/paurush/CSCE752/CSCE752_Project3/src/sim': DEBUGINFOD_URLS=https://debuginfod.ubuntu.com PYTHONPATH=/home/paurush/CSCE752/CSCE752_Project3/build/sim/prefix_override:/usr/lib/python3/dist-packages/colcon_core/task/python/colcon_distutils_commands:/home/paurush/CSCE752/CSCE752_Project3/install/sim/lib/python3.12/site-packages:${PYTHONPATH} /usr/bin/python3 -W ignore:setup.py install is deprecated -W ignore:easy_install command is deprecated setup.py egg_info --egg-base ../../build/sim build --build-base /home/paurush/CSCE752/CSCE752_Project3/build/sim/build install --record /home/paurush/CSCE752/CSCE752_Project3/build/sim/install.log --single-version-externally-managed install_data
[2.298s] running egg_info
[2.298s] creating ../../build/sim/sim.egg-info
[2.319s] writing ../../build/sim/sim.egg-info/PKG-INFO
[2.319s] writing dependency_links to ../../build/sim/sim.egg-info/dependency_links.txt
[2.320s] writing entry points to ../../build/sim/sim.egg-info/entry_points.txt
[2.320s] writing requirements to ../../build/sim/sim.egg-info/requires.txt
[2.320s] writing top-level names to ../../build/sim/sim.egg-info/top_level.txt
[2.320s] writing manifest file '../../build/sim/sim.egg-info/SOURCES.txt'
[2.361s] reading manifest file '../../build/sim/sim.egg-info/SOURCES.txt'
[2.361s] adding license file 'LICENSE'
[2.361s] writing manifest file '../../build/sim/sim.egg-info/SOURCES.txt'
[2.362s] running build
[2.362s] running build_py
[2.362s] creating /home/paurush/CSCE752/CSCE752_Project3/build/sim/build
[2.362s] creating /home/paurush/CSCE752/CSCE752_Project3/build/sim/build/lib
[2.362s] creating /home/paurush/CSCE752/CSCE752_Project3/build/sim/build/lib/sim
[2.362s] copying sim/sim1.py -> /home/paurush/CSCE752/CSCE752_Project3/build/sim/build/lib/sim
[2.362s] copying sim/sim2.py -> /home/paurush/CSCE752/CSCE752_Project3/build/sim/build/lib/sim
[2.362s] running install
[2.368s] running install_lib
[2.389s] creating /home/paurush/CSCE752/CSCE752_Project3/install/sim/lib/python3.12/site-packages/sim
[2.389s] copying /home/paurush/CSCE752/CSCE752_Project3/build/sim/build/lib/sim/sim1.py -> /home/paurush/CSCE752/CSCE752_Project3/install/sim/lib/python3.12/site-packages/sim
[2.389s] copying /home/paurush/CSCE752/CSCE752_Project3/build/sim/build/lib/sim/sim2.py -> /home/paurush/CSCE752/CSCE752_Project3/install/sim/lib/python3.12/site-packages/sim
[2.389s] byte-compiling /home/paurush/CSCE752/CSCE752_Project3/install/sim/lib/python3.12/site-packages/sim/sim1.py to sim1.cpython-312.pyc
[2.391s] byte-compiling /home/paurush/CSCE752/CSCE752_Project3/install/sim/lib/python3.12/site-packages/sim/sim2.py to sim2.cpython-312.pyc
[2.394s] running install_data
[2.395s] creating /home/paurush/CSCE752/CSCE752_Project3/install/sim/share/ament_index
[2.395s] creating /home/paurush/CSCE752/CSCE752_Project3/install/sim/share/ament_index/resource_index
[2.395s] creating /home/paurush/CSCE752/CSCE752_Project3/install/sim/share/ament_index/resource_index/packages
[2.395s] copying resource/sim -> /home/paurush/CSCE752/CSCE752_Project3/install/sim/share/ament_index/resource_index/packages
[2.395s] copying share/3.targets -> /home/paurush/CSCE752/CSCE752_Project3/install/sim/share/sim
[2.395s] copying share/1.targets -> /home/paurush/CSCE752/CSCE752_Project3/install/sim/share/sim
[2.395s] copying share/2.targets -> /home/paurush/CSCE752/CSCE752_Project3/install/sim/share/sim
[2.395s] copying share/5.targets -> /home/paurush/CSCE752/CSCE752_Project3/install/sim/share/sim
[2.395s] copying share/tamu.targets -> /home/paurush/CSCE752/CSCE752_Project3/install/sim/share/sim
[2.395s] copying share/corners.targets -> /home/paurush/CSCE752/CSCE752_Project3/install/sim/share/sim
[2.396s] copying share/4.targets -> /home/paurush/CSCE752/CSCE752_Project3/install/sim/share/sim
[2.396s] copying share/scatter.targets -> /home/paurush/CSCE752/CSCE752_Project3/install/sim/share/sim
[2.396s] copying package.xml -> /home/paurush/CSCE752/CSCE752_Project3/install/sim/share/sim
[2.396s] running install_egg_info
[2.418s] Copying ../../build/sim/sim.egg-info to /home/paurush/CSCE752/CSCE752_Project3/install/sim/lib/python3.12/site-packages/sim-2.0.0-py3.12.egg-info
[2.419s] running install_scripts
[2.554s] Installing sim1 script to /home/paurush/CSCE752/CSCE752_Project3/install/sim/lib/sim
[2.555s] Installing sim2 script to /home/paurush/CSCE752/CSCE752_Project3/install/sim/lib/sim
[2.555s] writing list of installed files to '/home/paurush/CSCE752/CSCE752_Project3/build/sim/install.log'
[2.574s] Invoked command in '/home/paurush/CSCE752/CSCE752_Project3/src/sim' returned '0': DEBUGINFOD_URLS=https://debuginfod.ubuntu.com PYTHONPATH=/home/paurush/CSCE752/CSCE752_Project3/build/sim/prefix_override:/usr/lib/python3/dist-packages/colcon_core/task/python/colcon_distutils_commands:/home/paurush/CSCE752/CSCE752_Project3/install/sim/lib/python3.12/site-packages:${PYTHONPATH} /usr/bin/python3 -W ignore:setup.py install is deprecated -W ignore:easy_install command is deprecated setup.py egg_info --egg-base ../../build/sim build --build-base /home/paurush/CSCE752/CSCE752_Project3/build/sim/build install --record /home/paurush/CSCE752/CSCE752_Project3/build/sim/install.log --single-version-externally-managed install_data
