/home/paurush/CSCE752/CSCE752_Project3/install/sim/lib/python3.12/site-packages/sim/sim1.py
/home/paurush/CSCE752/CSCE752_Project3/install/sim/lib/python3.12/site-packages/sim/sim2.py
/home/paurush/CSCE752/CSCE752_Project3/install/sim/lib/python3.12/site-packages/sim/__pycache__/sim1.cpython-312.pyc
/home/paurush/CSCE752/CSCE752_Project3/install/sim/lib/python3.12/site-packages/sim/__pycache__/sim2.cpython-312.pyc
/home/paurush/CSCE752/CSCE752_Project3/install/sim/share/ament_index/resource_index/packages/sim
/home/paurush/CSCE752/CSCE752_Project3/install/sim/share/sim/3.targets
/home/paurush/CSCE752/CSCE752_Project3/install/sim/share/sim/1.targets
/home/paurush/CSCE752/CSCE752_Project3/install/sim/share/sim/2.targets
/home/paurush/CSCE752/CSCE752_Project3/install/sim/share/sim/5.targets
/home/paurush/CSCE752/CSCE752_Project3/install/sim/share/sim/tamu.targets
/home/paurush/CSCE752/CSCE752_Project3/install/sim/share/sim/corners.targets
/home/paurush/CSCE752/CSCE752_Project3/install/sim/share/sim/4.targets
/home/paurush/CSCE752/CSCE752_Project3/install/sim/share/sim/scatter.targets
/home/paurush/CSCE752/CSCE752_Project3/install/sim/share/sim/package.xml
/home/paurush/CSCE752/CSCE752_Project3/install/sim/lib/python3.12/site-packages/sim-2.0.0-py3.12.egg-info/zip-safe
/home/paurush/CSCE752/CSCE752_Project3/install/sim/lib/python3.12/site-packages/sim-2.0.0-py3.12.egg-info/requires.txt
/home/paurush/CSCE752/CSCE752_Project3/install/sim/lib/python3.12/site-packages/sim-2.0.0-py3.12.egg-info/dependency_links.txt
/home/paurush/CSCE752/CSCE752_Project3/install/sim/lib/python3.12/site-packages/sim-2.0.0-py3.12.egg-info/entry_points.txt
/home/paurush/CSCE752/CSCE752_Project3/install/sim/lib/python3.12/site-packages/sim-2.0.0-py3.12.egg-info/PKG-INFO
/home/paurush/CSCE752/CSCE752_Project3/install/sim/lib/python3.12/site-packages/sim-2.0.0-py3.12.egg-info/SOURCES.txt
/home/paurush/CSCE752/CSCE752_Project3/install/sim/lib/python3.12/site-packages/sim-2.0.0-py3.12.egg-info/top_level.txt
/home/paurush/CSCE752/CSCE752_Project3/install/sim/lib/sim/sim1
/home/paurush/CSCE752/CSCE752_Project3/install/sim/lib/sim/sim2
