[0.931s] Invoking command in '/home/paurush/CSCE752/CSCE752_Project3/src': DEBUGINFOD_URLS=https://debuginfod.ubuntu.com PYTHONPATH=/home/paurush/CSCE752/CSCE752_Project3/build/proj3/prefix_override:/usr/lib/python3/dist-packages/colcon_core/task/python/colcon_distutils_commands:/home/paurush/CSCE752/CSCE752_Project3/install/proj3/lib/python3.12/site-packages:${PYTHONPATH} /usr/bin/python3 -W ignore:setup.py install is deprecated -W ignore:easy_install command is deprecated setup.py egg_info --egg-base ../build/proj3 build --build-base /home/paurush/CSCE752/CSCE752_Project3/build/proj3/build install --record /home/paurush/CSCE752/CSCE752_Project3/build/proj3/install.log --single-version-externally-managed install_data
[1.182s] running egg_info
[1.202s] writing ../build/proj3/proj3.egg-info/PKG-INFO
[1.202s] writing dependency_links to ../build/proj3/proj3.egg-info/dependency_links.txt
[1.202s] writing entry points to ../build/proj3/proj3.egg-info/entry_points.txt
[1.203s] writing requirements to ../build/proj3/proj3.egg-info/requires.txt
[1.203s] writing top-level names to ../build/proj3/proj3.egg-info/top_level.txt
[1.244s] reading manifest file '../build/proj3/proj3.egg-info/SOURCES.txt'
[1.244s] writing manifest file '../build/proj3/proj3.egg-info/SOURCES.txt'
[1.245s] running build
[1.245s] running build_py
[1.245s] running install
[1.250s] running install_lib
[1.270s] running install_data
[1.271s] copying package.xml -> /home/paurush/CSCE752/CSCE752_Project3/install/proj3/share/proj3
[1.271s] running install_egg_info
[1.291s] Copying ../build/proj3/proj3.egg-info to /home/paurush/CSCE752/CSCE752_Project3/install/proj3/lib/python3.12/site-packages/proj3-0.0.0-py3.12.egg-info
[1.292s] running install_scripts
[1.422s] Installing detector_node script to /home/paurush/CSCE752/CSCE752_Project3/install/proj3/lib/proj3
[1.422s] Installing tracker_node script to /home/paurush/CSCE752/CSCE752_Project3/install/proj3/lib/proj3
[1.423s] writing list of installed files to '/home/paurush/CSCE752/CSCE752_Project3/build/proj3/install.log'
[1.442s] Invoked command in '/home/paurush/CSCE752/CSCE752_Project3/src' returned '0': DEBUGINFOD_URLS=https://debuginfod.ubuntu.com PYTHONPATH=/home/paurush/CSCE752/CSCE752_Project3/build/proj3/prefix_override:/usr/lib/python3/dist-packages/colcon_core/task/python/colcon_distutils_commands:/home/paurush/CSCE752/CSCE752_Project3/install/proj3/lib/python3.12/site-packages:${PYTHONPATH} /usr/bin/python3 -W ignore:setup.py install is deprecated -W ignore:easy_install command is deprecated setup.py egg_info --egg-base ../build/proj3 build --build-base /home/paurush/CSCE752/CSCE752_Project3/build/proj3/build install --record /home/paurush/CSCE752/CSCE752_Project3/build/proj3/install.log --single-version-externally-managed install_data
